{
  "stats": {
    "suites": 1,
    "tests": 3,
    "passes": 3,
    "pending": 0,
    "failures": 0,
    "start": "2023-11-13T17:25:36.707Z",
    "end": "2023-11-13T17:25:43.123Z",
    "duration": 6416,
    "testsRegistered": 3,
    "passPercent": 100,
    "pendingPercent": 0,
    "other": 0,
    "hasOther": false,
    "skipped": 0,
    "hasSkipped": false
  },
  "results": [
    {
      "uuid": "ef6035f5-ac69-4db7-95a3-2b594b19ca8f",
      "title": "",
      "fullFile": "cypress/e2e/TC01_Homepage.cy.js",
      "file": "cypress/e2e/TC01_Homepage.cy.js",
      "beforeHooks": [],
      "afterHooks": [],
      "tests": [],
      "suites": [
        {
          "uuid": "38888a5a-c54c-4299-a795-c1fb5b623edb",
          "title": "Homepage Visit",
          "fullFile": "",
          "file": "",
          "beforeHooks": [],
          "afterHooks": [],
          "tests": [
            {
              "title": "Verify the homepage items",
              "fullTitle": "Homepage Visit Verify the homepage items",
              "timedOut": null,
              "duration": 2874,
              "state": "passed",
              "speed": "fast",
              "pass": true,
              "fail": false,
              "pending": false,
              "context": "[\n  {\n    \"title\": \"cypress-mochawesome-reporter-videos-passed\",\n    \"value\": \"cypress/e2e/TC01_Homepage.cy.js\"\n  },\n  \"videos/TC01_Homepage.cy.js.mp4\"\n]",
              "code": "cy.title().should('eq', 'Automation Exercise');\ncy.get('div[class*=\"left-sidebar\"]>h2').should('have.text', \"Category\");\ncy.get('div[class*=\"left-sidebar\"]>h2').isLeftOf('div[class*=\"features_items\"]>h2');\ncy.get('div[class*=\"features_items\"]>h2').should('have.text', \"Features Items\");\ncy.get('div[class*=\"left-sidebar\"]>h2').isLeftAlignedOnScreen();\ncy.get('div[class*=\"brands_products\"]>h2').should('have.text', \"Brands\");",
              "err": {},
              "uuid": "a83e4aff-2bf2-439d-8c20-ac3a6166a15f",
              "parentUUID": "38888a5a-c54c-4299-a795-c1fb5b623edb",
              "isHook": false,
              "skipped": false
            },
            {
              "title": "Verify the card-layout",
              "fullTitle": "Homepage Visit Verify the card-layout",
              "timedOut": null,
              "duration": 1946,
              "state": "passed",
              "speed": "fast",
              "pass": true,
              "fail": false,
              "pending": false,
              "context": "[\n  {\n    \"title\": \"cypress-mochawesome-reporter-videos-passed\",\n    \"value\": \"cypress/e2e/TC01_Homepage.cy.js\"\n  },\n  \"videos/TC01_Homepage.cy.js.mp4\"\n]",
              "code": "cy.get('div[class*=\"product-image-wrapper\"]').should('be.visible');\ncy.get('div[class*=\"product-image-wrapper\"]').eq(0).find('img').should('have.attr', 'src');\ncy.get('div[class*=\"product-image-wrapper\"]').eq(0).find('h2').should('have.css', 'color', 'rgb(254, 152, 15)');\ncy.get('a[class*=\"add-to-cart\"]').eq(0).should('be.visible');\ncy.get('a[class*=\"add-to-cart\"]').eq(0).should('have.text', \"Add to cart\");\ncy.get('ul[class*=\"nav-justified\"]>li>a').eq(0).should('have.text', \"View Product\");\ncy.get('ul[class*=\"nav-justified\"]>li>a').eq(0).should('have.css', 'color', 'rgb(165, 42, 42)');",
              "err": {},
              "uuid": "a6f89166-b401-4bc2-8fa5-21bdaeb82557",
              "parentUUID": "38888a5a-c54c-4299-a795-c1fb5b623edb",
              "isHook": false,
              "skipped": false
            },
            {
              "title": "Verify for the active home carousel",
              "fullTitle": "Homepage Visit Verify for the active home carousel",
              "timedOut": null,
              "duration": 1523,
              "state": "passed",
              "speed": "fast",
              "pass": true,
              "fail": false,
              "pending": false,
              "context": "[\n  {\n    \"title\": \"cypress-mochawesome-reporter-videos-passed\",\n    \"value\": \"cypress/e2e/TC01_Homepage.cy.js\"\n  },\n  \"videos/TC01_Homepage.cy.js.mp4\"\n]",
              "code": "cy.clock();\ncy.get('div[id=\"slider-carousel\"]').find('ol[class*=\"carousel-indicators\"]>li').invoke('index').should('eq', 0); // first image is active",
              "err": {},
              "uuid": "ac97e9cf-2abe-4b90-a8d9-28b774801e65",
              "parentUUID": "38888a5a-c54c-4299-a795-c1fb5b623edb",
              "isHook": false,
              "skipped": false
            }
          ],
          "suites": [],
          "passes": [
            "a83e4aff-2bf2-439d-8c20-ac3a6166a15f",
            "a6f89166-b401-4bc2-8fa5-21bdaeb82557",
            "ac97e9cf-2abe-4b90-a8d9-28b774801e65"
          ],
          "failures": [],
          "pending": [],
          "skipped": [],
          "duration": 6343,
          "root": false,
          "rootEmpty": false,
          "_timeout": 2000
        }
      ],
      "passes": [],
      "failures": [],
      "pending": [],
      "skipped": [],
      "duration": 0,
      "root": true,
      "rootEmpty": true,
      "_timeout": 2000
    }
  ],
  "meta": {
    "mocha": {
      "version": "7.0.1"
    },
    "mochawesome": {
      "options": {
        "quiet": false,
        "reportFilename": "mochawesome",
        "saveHtml": false,
        "saveJson": true,
        "consoleReporter": "spec",
        "useInlineDiffs": false,
        "code": true
      },
      "version": "7.1.3"
    },
    "marge": {
      "options": {
        "charts": true,
        "reportPageTitle": "Cypress Inline Reporter",
        "embeddedScreenshots": true,
        "inlineAssets": true,
        "overwrite": false,
        "html": false,
        "json": true,
        "reportDir": "cypress/reports/html/.jsons"
      },
      "version": "6.2.0"
    }
  }
}