{
  "stats": {
    "suites": 1,
    "tests": 4,
    "passes": 4,
    "pending": 0,
    "failures": 0,
    "start": "2023-11-13T17:26:11.922Z",
    "end": "2023-11-13T17:26:13.587Z",
    "duration": 1665,
    "testsRegistered": 4,
    "passPercent": 100,
    "pendingPercent": 0,
    "other": 0,
    "hasOther": false,
    "skipped": 0,
    "hasSkipped": false
  },
  "results": [
    {
      "uuid": "5d0df316-eee1-4276-bf90-25d8c9dc04c2",
      "title": "",
      "fullFile": "cypress/e2e/TC04_GoogleMapsAPITests.cy.js",
      "file": "cypress/e2e/TC04_GoogleMapsAPITests.cy.js",
      "beforeHooks": [],
      "afterHooks": [],
      "tests": [],
      "suites": [
        {
          "uuid": "27b3f7b9-3df7-49b6-b12f-ffd15b74001d",
          "title": "Google Maps API tests",
          "fullFile": "",
          "file": "",
          "beforeHooks": [],
          "afterHooks": [],
          "tests": [
            {
              "title": "Add Place API",
              "fullTitle": "Google Maps API tests Add Place API",
              "timedOut": null,
              "duration": 621,
              "state": "passed",
              "speed": "fast",
              "pass": true,
              "fail": false,
              "pending": false,
              "context": "[\n  {\n    \"title\": \"cypress-mochawesome-reporter-videos-passed\",\n    \"value\": \"cypress/e2e/TC04_GoogleMapsAPITests.cy.js\"\n  },\n  \"videos/TC04_GoogleMapsAPITests.cy.js.mp4\"\n]",
              "code": "cy.request({\n  method: 'POST',\n  url: 'http://216.10.245.166/maps/api/place/add/json?key=qaclick123',\n  body: {\n    \"location\": {\n      \"lat\": -38.383494,\n      \"lng\": 33.427362\n    },\n    \"accuracy\": 50,\n    \"name\": \"Frontline house\",\n    \"phone_number\": \"(+91) 983 893 3937\",\n    \"address\": \"29, side layout, cohen 09\",\n    \"types\": [\"shoe park\", \"shop\"],\n    \"website\": \"http://google.com\",\n    \"language\": \"French-IN\"\n  }\n}).as('places');\ncy.get('@places').its('status').should('eq', 200);\ncy.get('@places').then(response => {\n  let res = response.body;\n  placeId = res.place_id;\n  cy.log(placeId);\n});\ncy.get('@places').then(response => {\n  cy.log(JSON.stringify(response.body));\n});",
              "err": {},
              "uuid": "a2249c6a-f0a5-4d6a-aa0a-3e3763e6b181",
              "parentUUID": "27b3f7b9-3df7-49b6-b12f-ffd15b74001d",
              "isHook": false,
              "skipped": false
            },
            {
              "title": "Get Place API",
              "fullTitle": "Google Maps API tests Get Place API",
              "timedOut": null,
              "duration": 377,
              "state": "passed",
              "speed": "fast",
              "pass": true,
              "fail": false,
              "pending": false,
              "context": "[\n  {\n    \"title\": \"cypress-mochawesome-reporter-videos-passed\",\n    \"value\": \"cypress/e2e/TC04_GoogleMapsAPITests.cy.js\"\n  },\n  \"videos/TC04_GoogleMapsAPITests.cy.js.mp4\"\n]",
              "code": "cy.request({\n  method: 'GET',\n  url: 'http://216.10.245.166/maps/api/place/get/json?place_id=' + placeId + '&key=qaclick123'\n}).as('places');\ncy.get('@places').its('status').should('eq', 200);\ncy.get('@places').then(response => {\n  cy.log(JSON.stringify(response.body));\n});",
              "err": {},
              "uuid": "0c133c81-156a-410b-b78a-666a8f091630",
              "parentUUID": "27b3f7b9-3df7-49b6-b12f-ffd15b74001d",
              "isHook": false,
              "skipped": false
            },
            {
              "title": "Put Place API",
              "fullTitle": "Google Maps API tests Put Place API",
              "timedOut": null,
              "duration": 358,
              "state": "passed",
              "speed": "fast",
              "pass": true,
              "fail": false,
              "pending": false,
              "context": "[\n  {\n    \"title\": \"cypress-mochawesome-reporter-videos-passed\",\n    \"value\": \"cypress/e2e/TC04_GoogleMapsAPITests.cy.js\"\n  },\n  \"videos/TC04_GoogleMapsAPITests.cy.js.mp4\"\n]",
              "code": "cy.request({\n  method: 'PUT',\n  url: 'http://216.10.245.166/maps/api/place/update/json?key=qaclick123',\n  body: {\n    \"place_id\": placeId,\n    \"address\": \"70 winter walk, USA\",\n    \"key\": \"qaclick123\"\n  }\n}).as('places');\ncy.get('@places').its('status').should('eq', 200);\ncy.get('@places').then(response => {\n  let res = response.body;\n  placeId = res.place_id;\n  cy.log(placeId);\n});\ncy.get('@places').then(response => {\n  cy.log(JSON.stringify(response.body));\n});",
              "err": {},
              "uuid": "bcece744-c885-4e72-8da8-5cbb5bd0d4e5",
              "parentUUID": "27b3f7b9-3df7-49b6-b12f-ffd15b74001d",
              "isHook": false,
              "skipped": false
            },
            {
              "title": "Delete Place API",
              "fullTitle": "Google Maps API tests Delete Place API",
              "timedOut": null,
              "duration": 291,
              "state": "passed",
              "speed": "fast",
              "pass": true,
              "fail": false,
              "pending": false,
              "context": "[\n  {\n    \"title\": \"cypress-mochawesome-reporter-videos-passed\",\n    \"value\": \"cypress/e2e/TC04_GoogleMapsAPITests.cy.js\"\n  },\n  \"videos/TC04_GoogleMapsAPITests.cy.js.mp4\"\n]",
              "code": "cy.request({\n  method: 'PUT',\n  url: 'http://216.10.245.166/maps/api/place/delete/json?key=qaclick123',\n  body: {\n    \"place_id\": placeId\n  }\n}).as('places');\ncy.get('@places').its('status').should('eq', 200);\ncy.get('@places').then(response => {\n  cy.log(JSON.stringify(response.body));\n});",
              "err": {},
              "uuid": "f708d96f-6d92-426a-b48e-0fa43206fec1",
              "parentUUID": "27b3f7b9-3df7-49b6-b12f-ffd15b74001d",
              "isHook": false,
              "skipped": false
            }
          ],
          "suites": [],
          "passes": [
            "a2249c6a-f0a5-4d6a-aa0a-3e3763e6b181",
            "0c133c81-156a-410b-b78a-666a8f091630",
            "bcece744-c885-4e72-8da8-5cbb5bd0d4e5",
            "f708d96f-6d92-426a-b48e-0fa43206fec1"
          ],
          "failures": [],
          "pending": [],
          "skipped": [],
          "duration": 1647,
          "root": false,
          "rootEmpty": false,
          "_timeout": 2000
        }
      ],
      "passes": [],
      "failures": [],
      "pending": [],
      "skipped": [],
      "duration": 0,
      "root": true,
      "rootEmpty": true,
      "_timeout": 2000
    }
  ],
  "meta": {
    "mocha": {
      "version": "7.0.1"
    },
    "mochawesome": {
      "options": {
        "quiet": false,
        "reportFilename": "mochawesome",
        "saveHtml": false,
        "saveJson": true,
        "consoleReporter": "spec",
        "useInlineDiffs": false,
        "code": true
      },
      "version": "7.1.3"
    },
    "marge": {
      "options": {
        "charts": true,
        "reportPageTitle": "Cypress Inline Reporter",
        "embeddedScreenshots": true,
        "inlineAssets": true,
        "overwrite": false,
        "html": false,
        "json": true,
        "reportDir": "cypress/reports/html/.jsons"
      },
      "version": "6.2.0"
    }
  }
}