{
  "stats": {
    "suites": 1,
    "tests": 2,
    "passes": 1,
    "pending": 1,
    "failures": 0,
    "start": "2024-05-01T18:08:49.650Z",
    "end": "2024-05-01T18:10:28.945Z",
    "duration": 99295,
    "testsRegistered": 2,
    "passPercent": 100,
    "pendingPercent": 50,
    "other": 0,
    "hasOther": false,
    "skipped": 0,
    "hasSkipped": false
  },
  "results": [
    {
      "uuid": "44c5ddf5-6cd9-41c8-a5ef-fd555051b19f",
      "title": "",
      "fullFile": "cypress/e2e/TC05_PerformanceTestingGooglePageSpeed.cy.js",
      "file": "cypress/e2e/TC05_PerformanceTestingGooglePageSpeed.cy.js",
      "beforeHooks": [],
      "afterHooks": [],
      "tests": [],
      "suites": [
        {
          "uuid": "3d86c63a-3518-469d-964a-f620bed8b568",
          "title": "Performance testing using Google Page Speed Scores",
          "fullFile": "",
          "file": "",
          "beforeHooks": [],
          "afterHooks": [],
          "tests": [
            {
              "title": "Verify the page speed scores against benchmark scores",
              "fullTitle": "Performance testing using Google Page Speed Scores Verify the page speed scores against benchmark scores",
              "timedOut": null,
              "duration": 36147,
              "state": "passed",
              "speed": "slow",
              "pass": true,
              "fail": false,
              "pending": false,
              "context": "[\n  {\n    \"title\": \"cypress-mochawesome-reporter-videos-passed\",\n    \"value\": \"cypress/e2e/TC05_PerformanceTestingGooglePageSpeed.cy.js\"\n  },\n  {\n    \"title\": \"cypress-mochawesome-reporter-screenshots\",\n    \"value\": [\n      [\n        \"/TC05_PerformanceTestingGooglePageSpeed.cy.js/Performance testing using Google Page Speed Scores -- Verify the page speed scores against benchmark scores (failed).png\"\n      ],\n      []\n    ]\n  },\n  \"videos/TC05_PerformanceTestingGooglePageSpeed.cy.js.mp4\"\n]",
              "code": "const thresholds = {\n  performance: 50,\n  accessibility: 50,\n  'best-practices': 50,\n  seo: 50,\n  pwa: 50\n};\nconst opts = {\n  formFactor: 'desktop',\n  screenEmulation: {\n    mobile: false,\n    disable: false,\n    width: Cypress.config('viewportWidth'),\n    height: Cypress.config('viewportHeight'),\n    deviceScaleRatio: 1\n  }\n};\ncy.url().then(url => {\n  cy.task('lighthouse', {\n    url,\n    thresholds,\n    opts\n  });\n}).then(report => {\n  const {\n    errors,\n    results,\n    txt\n  } = report;\n  // our custom code in the plugins file has summarized the report\n  cy.log(report.txt);\n});",
              "err": {},
              "uuid": "07949c12-b3dd-43e6-ae22-29dd404e89bd",
              "parentUUID": "3d86c63a-3518-469d-964a-f620bed8b568",
              "isHook": false,
              "skipped": false
            },
            {
              "title": "Verify for accessibility- pa11y audits",
              "fullTitle": "Performance testing using Google Page Speed Scores Verify for accessibility- pa11y audits",
              "timedOut": null,
              "duration": 0,
              "state": "pending",
              "speed": null,
              "pass": false,
              "fail": false,
              "pending": true,
              "context": "[\n  {\n    \"title\": \"cypress-mochawesome-reporter-videos-pending\",\n    \"value\": \"cypress/e2e/TC05_PerformanceTestingGooglePageSpeed.cy.js\"\n  },\n  \"videos/TC05_PerformanceTestingGooglePageSpeed.cy.js.mp4\"\n]",
              "code": "cy.checkPageA11y('/');",
              "err": {},
              "uuid": "779f5607-5d89-4e19-99c0-4ed2d31262d4",
              "parentUUID": "3d86c63a-3518-469d-964a-f620bed8b568",
              "isHook": false,
              "skipped": false
            }
          ],
          "suites": [],
          "passes": [
            "07949c12-b3dd-43e6-ae22-29dd404e89bd"
          ],
          "failures": [],
          "pending": [
            "779f5607-5d89-4e19-99c0-4ed2d31262d4"
          ],
          "skipped": [],
          "duration": 36147,
          "root": false,
          "rootEmpty": false,
          "_timeout": 2000
        }
      ],
      "passes": [],
      "failures": [],
      "pending": [],
      "skipped": [],
      "duration": 0,
      "root": true,
      "rootEmpty": true,
      "_timeout": 2000
    }
  ],
  "meta": {
    "mocha": {
      "version": "7.0.1"
    },
    "mochawesome": {
      "options": {
        "quiet": false,
        "reportFilename": "mochawesome",
        "saveHtml": false,
        "saveJson": true,
        "consoleReporter": "spec",
        "useInlineDiffs": false,
        "code": true
      },
      "version": "7.1.3"
    },
    "marge": {
      "options": {
        "charts": true,
        "reportPageTitle": "Cypress Inline Reporter",
        "embeddedScreenshots": true,
        "inlineAssets": true,
        "overwrite": false,
        "html": false,
        "json": true,
        "reportDir": "cypress/reports/html/.jsons"
      },
      "version": "6.2.0"
    }
  }
}