{
  "stats": {
    "suites": 1,
    "tests": 1,
    "passes": 1,
    "pending": 0,
    "failures": 0,
    "start": "2024-05-01T18:08:20.033Z",
    "end": "2024-05-01T18:08:22.781Z",
    "duration": 2748,
    "testsRegistered": 1,
    "passPercent": 100,
    "pendingPercent": 0,
    "other": 0,
    "hasOther": false,
    "skipped": 0,
    "hasSkipped": false
  },
  "results": [
    {
      "uuid": "006aee0e-0ad8-4224-8e4a-44aec4577efa",
      "title": "",
      "fullFile": "cypress/e2e/TC02_TestCasesPage.cy.js",
      "file": "cypress/e2e/TC02_TestCasesPage.cy.js",
      "beforeHooks": [],
      "afterHooks": [],
      "tests": [],
      "suites": [
        {
          "uuid": "0ed9fcfe-b8f3-40a1-b966-879645bc9c3f",
          "title": "Test cases page visit",
          "fullFile": "",
          "file": "",
          "beforeHooks": [],
          "afterHooks": [],
          "tests": [
            {
              "title": "Verifies the Test case page flow",
              "fullTitle": "Test cases page visit Verifies the Test case page flow",
              "timedOut": null,
              "duration": 2718,
              "state": "passed",
              "speed": "fast",
              "pass": true,
              "fail": false,
              "pending": false,
              "context": "[\n  {\n    \"title\": \"cypress-mochawesome-reporter-videos-passed\",\n    \"value\": \"cypress/e2e/TC02_TestCasesPage.cy.js\"\n  },\n  \"videos/TC02_TestCasesPage.cy.js.mp4\"\n]",
              "code": "cy.title().should('eq', 'Automation Exercise');\ncy.get('div[class*=\"left-sidebar\"]>h2').should('have.text', \"Category\");\ncy.get('div[class*=\"features_items\"]>h2').should('have.text', \"Features Items\");\ncy.get('div[class*=\"brands_products\"]>h2').should('have.text', \"Brands\");\ncy.get('a[href=\"/test_cases\"]').should('have.css', 'color', 'rgb(105, 103, 99)');\ncy.get('a[href=\"/test_cases\"]').eq(0).click();\ncy.url().should('include', '/test_cases');\ncy.get('b').should('have.text', 'Test Cases');",
              "err": {},
              "uuid": "c02bfbd0-046f-45c4-8ebd-892ba18e2b70",
              "parentUUID": "0ed9fcfe-b8f3-40a1-b966-879645bc9c3f",
              "isHook": false,
              "skipped": false
            }
          ],
          "suites": [],
          "passes": [
            "c02bfbd0-046f-45c4-8ebd-892ba18e2b70"
          ],
          "failures": [],
          "pending": [],
          "skipped": [],
          "duration": 2718,
          "root": false,
          "rootEmpty": false,
          "_timeout": 2000
        }
      ],
      "passes": [],
      "failures": [],
      "pending": [],
      "skipped": [],
      "duration": 0,
      "root": true,
      "rootEmpty": true,
      "_timeout": 2000
    }
  ],
  "meta": {
    "mocha": {
      "version": "7.0.1"
    },
    "mochawesome": {
      "options": {
        "quiet": false,
        "reportFilename": "mochawesome",
        "saveHtml": false,
        "saveJson": true,
        "consoleReporter": "spec",
        "useInlineDiffs": false,
        "code": true
      },
      "version": "7.1.3"
    },
    "marge": {
      "options": {
        "charts": true,
        "reportPageTitle": "Cypress Inline Reporter",
        "embeddedScreenshots": true,
        "inlineAssets": true,
        "overwrite": false,
        "html": false,
        "json": true,
        "reportDir": "cypress/reports/html/.jsons"
      },
      "version": "6.2.0"
    }
  }
}