{
  "stats": {
    "suites": 1,
    "tests": 3,
    "passes": 3,
    "pending": 0,
    "failures": 0,
    "start": "2023-10-22T14:25:04.795Z",
    "end": "2023-10-22T14:25:13.141Z",
    "duration": 8346,
    "testsRegistered": 3,
    "passPercent": 100,
    "pendingPercent": 0,
    "other": 0,
    "hasOther": false,
    "skipped": 0,
    "hasSkipped": false
  },
  "results": [
    {
      "uuid": "f78bdb7b-1183-4674-943f-dbeeefe5d58e",
      "title": "",
      "fullFile": "cypress/e2e/TC01_Homepage.cy.js",
      "file": "cypress/e2e/TC01_Homepage.cy.js",
      "beforeHooks": [],
      "afterHooks": [],
      "tests": [],
      "suites": [
        {
          "uuid": "21c1b58d-b368-439f-b3f4-5ba7c1d6e4de",
          "title": "Homepage Visit",
          "fullFile": "",
          "file": "",
          "beforeHooks": [],
          "afterHooks": [],
          "tests": [
            {
              "title": "Verify the homepage items",
              "fullTitle": "Homepage Visit Verify the homepage items",
              "timedOut": null,
              "duration": 4097,
              "state": "passed",
              "speed": "fast",
              "pass": true,
              "fail": false,
              "pending": false,
              "context": "[\n  {\n    \"title\": \"cypress-mochawesome-reporter-videos-passed\",\n    \"value\": \"cypress/e2e/TC01_Homepage.cy.js\"\n  },\n  \"videos/TC01_Homepage.cy.js.mp4\"\n]",
              "code": "cy.title().should('eq', 'Automation Exercise');\ncy.get('div[class*=\"left-sidebar\"]>h2').should('have.text', \"Category\");\ncy.get('div[class*=\"left-sidebar\"]>h2').isLeftOf('div[class*=\"features_items\"]>h2');\ncy.get('div[class*=\"features_items\"]>h2').should('have.text', \"Features Items\");\ncy.get('div[class*=\"left-sidebar\"]>h2').isLeftAlignedOnScreen();\ncy.get('div[class*=\"brands_products\"]>h2').should('have.text', \"Brands\");",
              "err": {},
              "uuid": "508a971c-b5d5-43e6-9cb6-8ad503040c30",
              "parentUUID": "21c1b58d-b368-439f-b3f4-5ba7c1d6e4de",
              "isHook": false,
              "skipped": false
            },
            {
              "title": "Verify the card-layout",
              "fullTitle": "Homepage Visit Verify the card-layout",
              "timedOut": null,
              "duration": 2369,
              "state": "passed",
              "speed": "fast",
              "pass": true,
              "fail": false,
              "pending": false,
              "context": "[\n  {\n    \"title\": \"cypress-mochawesome-reporter-videos-passed\",\n    \"value\": \"cypress/e2e/TC01_Homepage.cy.js\"\n  },\n  \"videos/TC01_Homepage.cy.js.mp4\"\n]",
              "code": "cy.get('div[class*=\"product-image-wrapper\"]').should('be.visible');\ncy.get('div[class*=\"product-image-wrapper\"]').eq(0).find('img').should('have.attr', 'src');\ncy.get('div[class*=\"product-image-wrapper\"]').eq(0).find('h2').should('have.css', 'color', 'rgb(254, 152, 15)');\ncy.get('a[class*=\"add-to-cart\"]').eq(0).should('be.visible');\ncy.get('a[class*=\"add-to-cart\"]').eq(0).should('have.text', \"Add to cart\");\ncy.get('ul[class*=\"nav-justified\"]>li>a').eq(0).should('have.text', \"View Product\");\ncy.get('ul[class*=\"nav-justified\"]>li>a').eq(0).should('have.css', 'color', 'rgb(165, 42, 42)');",
              "err": {},
              "uuid": "f648832b-d359-4b7c-93d3-33e3bdbc73bd",
              "parentUUID": "21c1b58d-b368-439f-b3f4-5ba7c1d6e4de",
              "isHook": false,
              "skipped": false
            },
            {
              "title": "Verify for the active home carousel",
              "fullTitle": "Homepage Visit Verify for the active home carousel",
              "timedOut": null,
              "duration": 1779,
              "state": "passed",
              "speed": "fast",
              "pass": true,
              "fail": false,
              "pending": false,
              "context": "[\n  {\n    \"title\": \"cypress-mochawesome-reporter-videos-passed\",\n    \"value\": \"cypress/e2e/TC01_Homepage.cy.js\"\n  },\n  \"videos/TC01_Homepage.cy.js.mp4\"\n]",
              "code": "cy.clock();\ncy.get('div[id=\"slider-carousel\"]').find('ol[class*=\"carousel-indicators\"]>li').invoke('index').should('eq', 0); // first image is active",
              "err": {},
              "uuid": "549112eb-66ab-421a-9774-7a1b43d14380",
              "parentUUID": "21c1b58d-b368-439f-b3f4-5ba7c1d6e4de",
              "isHook": false,
              "skipped": false
            }
          ],
          "suites": [],
          "passes": [
            "508a971c-b5d5-43e6-9cb6-8ad503040c30",
            "f648832b-d359-4b7c-93d3-33e3bdbc73bd",
            "549112eb-66ab-421a-9774-7a1b43d14380"
          ],
          "failures": [],
          "pending": [],
          "skipped": [],
          "duration": 8245,
          "root": false,
          "rootEmpty": false,
          "_timeout": 2000
        }
      ],
      "passes": [],
      "failures": [],
      "pending": [],
      "skipped": [],
      "duration": 0,
      "root": true,
      "rootEmpty": true,
      "_timeout": 2000
    }
  ],
  "meta": {
    "mocha": {
      "version": "7.0.1"
    },
    "mochawesome": {
      "options": {
        "quiet": false,
        "reportFilename": "mochawesome",
        "saveHtml": false,
        "saveJson": true,
        "consoleReporter": "spec",
        "useInlineDiffs": false,
        "code": true
      },
      "version": "7.1.3"
    },
    "marge": {
      "options": {
        "charts": true,
        "reportPageTitle": "Cypress Inline Reporter",
        "embeddedScreenshots": true,
        "inlineAssets": true,
        "overwrite": false,
        "html": false,
        "json": true,
        "reportDir": "cypress/reports/html/.jsons"
      },
      "version": "6.2.0"
    }
  }
}